  BaBaIsYou.cpp
C:\CPP\BaBaIsYou\BaBaIsYou\BaBaIsYou.cpp(1,1): warning C4819: 현재 코드 페이지(949)에서 표시할 수 없는 문자가 파일에 들어 있습니다. 데이터가 손실되지 않게 하려면 해당 파일을 유니코드 형식으로 저장하십시오.
  BasicRule.cpp
  Element.cpp
C:\CPP\BaBaIsYou\BaBaIsYou\Element.cpp(1,1): warning C4819: 현재 코드 페이지(949)에서 표시할 수 없는 문자가 파일에 들어 있습니다. 데이터가 손실되지 않게 하려면 해당 파일을 유니코드 형식으로 저장하십시오.
  GameManager.cpp
C:\CPP\BaBaIsYou\BaBaIsYou\GameManager.cpp(1,1): warning C4819: 현재 코드 페이지(949)에서 표시할 수 없는 문자가 파일에 들어 있습니다. 데이터가 손실되지 않게 하려면 해당 파일을 유니코드 형식으로 저장하십시오.
C:\CPP\BaBaIsYou\BaBaIsYou\GameManager.cpp(201,37): warning C4244: '인수': 'int'에서 'float'(으)로 변환하면서 데이터가 손실될 수 있습니다.
  Material.cpp
  Player.cpp
C:\CPP\BaBaIsYou\BaBaIsYou\Player.cpp(1,1): warning C4819: 현재 코드 페이지(949)에서 표시할 수 없는 문자가 파일에 들어 있습니다. 데이터가 손실되지 않게 하려면 해당 파일을 유니코드 형식으로 저장하십시오.
  Stage.cpp
C:\CPP\BaBaIsYou\BaBaIsYou\Stage.cpp(1,1): warning C4819: 현재 코드 페이지(949)에서 표시할 수 없는 문자가 파일에 들어 있습니다. 데이터가 손실되지 않게 하려면 해당 파일을 유니코드 형식으로 저장하십시오.
  Text.cpp
C:\CPP\BaBaIsYou\BaBaIsYou\Text.cpp(1,1): warning C4819: 현재 코드 페이지(949)에서 표시할 수 없는 문자가 파일에 들어 있습니다. 데이터가 손실되지 않게 하려면 해당 파일을 유니코드 형식으로 저장하십시오.
  Tile.cpp
C:\CPP\BaBaIsYou\BaBaIsYou\Tile.cpp(1,1): warning C4819: 현재 코드 페이지(949)에서 표시할 수 없는 문자가 파일에 들어 있습니다. 데이터가 손실되지 않게 하려면 해당 파일을 유니코드 형식으로 저장하십시오.
  코드를 생성하고 있습니다...
C:\CPP\BaBaIsYou\BaBaIsYou\Text.cpp(36,1): warning C4715: 'Text::GetEffect': 모든 제어 경로에서 값을 반환하지는 않습니다.
  BaBaIsYou.vcxproj -> C:\CPP\BaBaIsYou\BaBaIsYou\x64\Debug\BaBaIsYou.exe
